<?xml version="1.0" encoding="UTF-8"?>
<!-- Generated by org.testng.reporters.JUnitReportReporter -->
<testsuite hostname="EPHUBUDW00F9" failures="0" tests="4" name="Test_03POST" time="2.755" errors="0" timestamp="2021-08-11T15:59:16 CEST" skipped="0">
  <testcase classname="Test_03POST" name="getstatuscode" time="0.213"/>
  <system-out/>
  <testcase classname="Test_03POST" name="getResponseBody" time="1.746"/>
  <system-out/>
  <testcase classname="Test_03POST" name="getResponseContentType" time="0.591"/>
  <system-out/>
  <testcase classname="Test_03POST" name="getResponseTime" time="0.205"/>
  <system-out/>
</testsuite> <!-- Test_03POST -->
