<?xml version="1.0" encoding="UTF-8"?>
<!-- Generated by org.testng.reporters.JUnitXMLReporter -->
<testsuite ignored="0" hostname="EPHUBUDW00F9" failures="0" tests="4" name="Default test" time="2.792" errors="0" timestamp="2021-08-11T15:59:15 CEST">
  <testcase classname="Test_03POST" name="getResponseBody" time="1.746"/>
  <testcase classname="Test_03POST" name="getResponseContentType" time="0.591"/>
  <testcase classname="Test_03POST" name="getResponseTime" time="0.205"/>
  <testcase classname="Test_03POST" name="getstatuscode" time="0.213"/>
</testsuite> <!-- Default test -->
