<?xml version="1.0" encoding="UTF-8"?>
<testng-results ignored="0" total="4" passed="4" failed="0" skipped="0">
  <reporter-output>
  </reporter-output>
  <suite started-at="2021-08-11T15:59:13 CEST" name="Default suite" finished-at="2021-08-11T15:59:15 CEST" duration-ms="2792">
    <groups>
    </groups>
    <test started-at="2021-08-11T15:59:13 CEST" name="Default test" finished-at="2021-08-11T15:59:15 CEST" duration-ms="2792">
      <class name="Test_03POST">
        <test-method signature="getResponseBody()[pri:0, instance:Test_03POST@3972a855]" started-at="2021-08-11T15:59:13 CEST" name="getResponseBody" finished-at="2021-08-11T15:59:14 CEST" duration-ms="1746" status="PASS">
          <reporter-output>
          </reporter-output>
        </test-method> <!-- getResponseBody -->
        <test-method signature="getResponseContentType()[pri:0, instance:Test_03POST@3972a855]" started-at="2021-08-11T15:59:14 CEST" name="getResponseContentType" finished-at="2021-08-11T15:59:15 CEST" duration-ms="591" status="PASS">
          <reporter-output>
          </reporter-output>
        </test-method> <!-- getResponseContentType -->
        <test-method signature="getResponseTime()[pri:0, instance:Test_03POST@3972a855]" started-at="2021-08-11T15:59:15 CEST" name="getResponseTime" finished-at="2021-08-11T15:59:15 CEST" duration-ms="205" status="PASS">
          <reporter-output>
          </reporter-output>
        </test-method> <!-- getResponseTime -->
        <test-method signature="getstatuscode()[pri:0, instance:Test_03POST@3972a855]" started-at="2021-08-11T15:59:15 CEST" name="getstatuscode" finished-at="2021-08-11T15:59:15 CEST" duration-ms="213" status="PASS">
          <reporter-output>
          </reporter-output>
        </test-method> <!-- getstatuscode -->
      </class> <!-- Test_03POST -->
    </test> <!-- Default test -->
  </suite> <!-- Default suite -->
</testng-results>
